#
# There is insufficient memory for the Java Runtime Environment to continue.
# Native memory allocation (mmap) failed to map 134217728 bytes for Failed to commit area from 0x0000000080e00000 to 0x0000000088e00000 of length 134217728.
# Possible reasons:
#   The system is out of physical RAM or swap space
#   The process is running with CompressedOops enabled, and the Java Heap may be blocking the growth of the native heap
# Possible solutions:
#   Reduce memory load on the system
#   Increase physical memory or swap space
#   Check if swap backing store is full
#   Decrease Java heap size (-Xmx/-Xms)
#   Decrease number of Java threads
#   Decrease Java thread stack sizes (-Xss)
#   Set larger code cache with -XX:ReservedCodeCacheSize=
#   JVM is running with Unscaled Compressed Oops mode in which the Java heap is
#     placed in the first 4GB address space. The Java Heap base address is the
#     maximum limit for the native heap growth. Please use -XX:HeapBaseMinAddress
#     to set the Java Heap base and to place the Java Heap above 4GB virtual address.
# This output file may be truncated or incomplete.
#
#  Out of Memory Error (./open/src/hotspot/os/windows/os_windows.cpp:3315), pid=16744, tid=13348
#
# JRE version:  (14.0.1+7) (build )
# Java VM: Java HotSpot(TM) 64-Bit Server VM (14.0.1+7, mixed mode, sharing, tiered, compressed oops, g1 gc, windows-amd64)
# No core dump will be written. Minidumps are not enabled by default on client versions of Windows
#

---------------  S U M M A R Y ------------

Command Line: -ea -Didea.test.cyclic.buffer.size=1048576 -javaagent:D:\IntelliJ IDEA 2020.1.2\lib\idea_rt.jar=49371:D:\IntelliJ IDEA 2020.1.2\bin -Dfile.encoding=UTF-8 com.intellij.rt.junit.JUnitStarter -ideVersion5 -junit4 day07_code.demo01Stream.Demo04Stream,demo07

Host: Intel(R) Core(TM) i7-7700HQ CPU @ 2.80GHz, 8 cores, 7G,  Windows 10 , 64 bit Build 18362 (10.0.18362.1110)
Time: Wed Nov 25 20:44:42 2020 ?D1¨²¡À¨º¡Á?¨º¡À?? elapsed time: 0 seconds (0d 0h 0m 0s)

---------------  T H R E A D  ---------------

Current thread (0x00000248102b5800):  JavaThread "Unknown thread" [_thread_in_vm, id=13348, stack(0x0000009e13400000,0x0000009e13500000)]

Stack: [0x0000009e13400000,0x0000009e13500000]
Native frames: (J=compiled Java code, j=interpreted, Vv=VM code, C=native code)
V  [jvm.dll+0x5f840a]
V  [jvm.dll+0x741e4a]
V  [jvm.dll+0x7435ff]
V  [jvm.dll+0x743c43]
V  [jvm.dll+0x20d288]
V  [jvm.dll+0x5f57ba]
V  [jvm.dll+0x5ea615]
V  [jvm.dll+0x2c7e9c]
V  [jvm.dll+0x2c7cd2]
V  [jvm.dll+0x2cdbbc]
V  [jvm.dll+0x313ff8]
V  [jvm.dll+0x313720]
V  [jvm.dll+0x2a092a]
V  [jvm.dll+0x2a1a79]
V  [jvm.dll+0x71f718]
V  [jvm.dll+0x321c44]
V  [jvm.dll+0x700b0c]
V  [jvm.dll+0x392dff]
V  [jvm.dll+0x394e71]
C  [jli.dll+0x523b]
C  [ucrtbase.dll+0x210b2]
C  [KERNEL32.DLL+0x17c24]
C  [ntdll.dll+0x6d4d1]


---------------  P R O C E S S  ---------------

Threads class SMR info:
_java_thread_list=0x00007ffd8a883078, length=0, elements={
}

Java Threads: ( => current thread )

Other Threads:
  0x00000248102f4800 GCTaskThread "GC Thread#0" [stack: 0x0000009e13500000,0x0000009e13600000] [id=16076]
  0x0000024810305800 ConcurrentGCThread "G1 Main Marker" [stack: 0x0000009e13600000,0x0000009e13700000] [id=12388]
  0x0000024810306800 ConcurrentGCThread "G1 Conc#0" [stack: 0x0000009e13700000,0x0000009e13800000] [id=9860]

[error occurred during error reporting (printing all threads), id 0xc0000005, EXCEPTION_ACCESS_VIOLATION (0xc0000005) at pc=0x00007ffd8a0b1257]

VM state:not at safepoint (not fully initialized)

VM Mutex/Monitor currently owned by a thread:  ([mutex/lock_event])
[0x00000248102b1ca0] Heap_lock - owner thread: 0x00000248102b5800

Heap address: 0x0000000080e00000, size: 2034 MB, Compressed Oops mode: 32-bit
Narrow klass base: 0x0000000000000000, Narrow klass shift: 0

GC Heap History (0 events):
No events

Deoptimization events (0 events):
No events

Classes unloaded (0 events):
No events

Classes redefined (0 events):
No events

Internal exceptions (0 events):
No events

Events (2 events):
Event: 0.015 Loaded shared library C:\Program Files\Java\jdk-14.0.1\bin\java.dll
Event: 0.016 Loaded shared library C:\Program Files\Java\jdk-14.0.1\bin\zip.dll


Dynamic libraries:
0x00007ff7fe3b0000 - 0x00007ff7fe3bf000 	C:\Program Files\Java\jdk-14.0.1\bin\java.exe
0x00007ffdcb180000 - 0x00007ffdcb370000 	C:\WINDOWS\SYSTEM32\ntdll.dll
0x00007ffdca7c0000 - 0x00007ffdca872000 	C:\WINDOWS\System32\KERNEL32.DLL
0x00007ffdc8cc0000 - 0x00007ffdc8f65000 	C:\WINDOWS\System32\KERNELBASE.dll
0x00007ffdc8280000 - 0x00007ffdc837a000 	C:\WINDOWS\System32\ucrtbase.dll
0x00007ffdc2430000 - 0x00007ffdc2445000 	C:\Program Files\Java\jdk-14.0.1\bin\VCRUNTIME140.dll
0x00007ffdc47c0000 - 0x00007ffdc47d8000 	C:\Program Files\Java\jdk-14.0.1\bin\jli.dll
0x00007ffdcae40000 - 0x00007ffdcaee3000 	C:\WINDOWS\System32\ADVAPI32.dll
0x00007ffdca720000 - 0x00007ffdca7be000 	C:\WINDOWS\System32\msvcrt.dll
0x00007ffdc92b0000 - 0x00007ffdc9347000 	C:\WINDOWS\System32\sechost.dll
0x00007ffdca1e0000 - 0x00007ffdca300000 	C:\WINDOWS\System32\RPCRT4.dll
0x00007ffdc9cd0000 - 0x00007ffdc9e64000 	C:\WINDOWS\System32\USER32.dll
0x00007ffdc9010000 - 0x00007ffdc9031000 	C:\WINDOWS\System32\win32u.dll
0x00007ffdca100000 - 0x00007ffdca126000 	C:\WINDOWS\System32\GDI32.dll
0x00007ffdc9090000 - 0x00007ffdc9226000 	C:\WINDOWS\System32\gdi32full.dll
0x00007ffdc8100000 - 0x00007ffdc819e000 	C:\WINDOWS\System32\msvcp_win.dll
0x00007ffdb80e0000 - 0x00007ffdb8364000 	C:\WINDOWS\WinSxS\amd64_microsoft.windows.common-controls_6595b64144ccf1df_6.0.18362.1198_none_9e820b57e45ad92f\COMCTL32.dll
0x00007ffdca300000 - 0x00007ffdca635000 	C:\WINDOWS\System32\combase.dll
0x00007ffdc8f90000 - 0x00007ffdc9010000 	C:\WINDOWS\System32\bcryptPrimitives.dll
0x00007ffdc7c10000 - 0x00007ffdc7c1a000 	C:\WINDOWS\SYSTEM32\VERSION.dll
0x00007ffdca1b0000 - 0x00007ffdca1de000 	C:\WINDOWS\System32\IMM32.DLL
0x00007ffdb5c50000 - 0x00007ffdb5ceb000 	C:\Program Files\Java\jdk-14.0.1\bin\msvcp140.dll
0x00007ffd89e00000 - 0x00007ffd8a91e000 	C:\Program Files\Java\jdk-14.0.1\bin\server\jvm.dll
0x00007ffdca8f0000 - 0x00007ffdca8f8000 	C:\WINDOWS\System32\PSAPI.DLL
0x00007ffdc5b60000 - 0x00007ffdc5b84000 	C:\WINDOWS\SYSTEM32\WINMM.dll
0x00007ffdc1f40000 - 0x00007ffdc1f49000 	C:\WINDOWS\SYSTEM32\WSOCK32.dll
0x00007ffdca880000 - 0x00007ffdca8ef000 	C:\WINDOWS\System32\WS2_32.dll
0x00007ffdc5290000 - 0x00007ffdc52bd000 	C:\WINDOWS\SYSTEM32\winmmbase.dll
0x00007ffdc9040000 - 0x00007ffdc908a000 	C:\WINDOWS\System32\cfgmgr32.dll
0x00007ffdc8090000 - 0x00007ffdc80a1000 	C:\WINDOWS\System32\kernel.appcore.dll
0x00007ffdc2420000 - 0x00007ffdc242a000 	C:\Program Files\Java\jdk-14.0.1\bin\jimage.dll
0x00007ffdb24b0000 - 0x00007ffdb26a4000 	C:\WINDOWS\SYSTEM32\DBGHELP.DLL
0x00007ffdb1e70000 - 0x00007ffdb1e9a000 	C:\WINDOWS\SYSTEM32\dbgcore.DLL
0x00007ffdb5c40000 - 0x00007ffdb5c4e000 	C:\Program Files\Java\jdk-14.0.1\bin\instrument.dll
0x00007ffdb5f70000 - 0x00007ffdb5f95000 	C:\Program Files\Java\jdk-14.0.1\bin\java.dll
0x00007ffdb5d00000 - 0x00007ffdb5d16000 	C:\Program Files\Java\jdk-14.0.1\bin\zip.dll

dbghelp: loaded successfully - version: 4.0.5 - missing functions: none
symbol engine: initialized successfully - sym options: 0x614 - pdb path: .;C:\Program Files\Java\jdk-14.0.1\bin;C:\WINDOWS\SYSTEM32;C:\WINDOWS\WinSxS\amd64_microsoft.windows.common-controls_6595b64144ccf1df_6.0.18362.1198_none_9e820b57e45ad92f;C:\Program Files\Java\jdk-14.0.1\bin\server

VM Arguments:
jvm_args: -ea -Didea.test.cyclic.buffer.size=1048576 -javaagent:D:\IntelliJ IDEA 2020.1.2\lib\idea_rt.jar=49371:D:\IntelliJ IDEA 2020.1.2\bin -Dfile.encoding=UTF-8 
java_command: com.intellij.rt.junit.JUnitStarter -ideVersion5 -junit4 day07_code.demo01Stream.Demo04Stream,demo07
java_class_path (initial): D:\IntelliJ IDEA 2020.1.2\lib\idea_rt.jar;D:\IntelliJ IDEA 2020.1.2\plugins\junit\lib\junit5-rt.jar;D:\IntelliJ IDEA 2020.1.2\plugins\junit\lib\junit-rt.jar;E:\JavaTi\out\production\day07;C:\Users\Administrator.000\.m2\repository\junit\junit\4.12\junit-4.12.jar;C:\Users\Administrator.000\.m2\repository\org\hamcrest\hamcrest-core\1.3\hamcrest-core-1.3.jar
Launcher Type: SUN_STANDARD

[Global flags]
     intx CICompilerCount                          = 4                                         {product} {ergonomic}
     uint ConcGCThreads                            = 2                                         {product} {ergonomic}
     uint G1ConcRefinementThreads                  = 8                                         {product} {ergonomic}
   size_t G1HeapRegionSize                         = 1048576                                   {product} {ergonomic}
    uintx GCDrainStackTargetSize                   = 64                                        {product} {ergonomic}
   size_t InitialHeapSize                          = 134217728                                 {product} {ergonomic}
   size_t MarkStackSize                            = 4194304                                   {product} {ergonomic}
   size_t MaxHeapSize                              = 2132803584                                {product} {ergonomic}
   size_t MinHeapDeltaBytes                        = 1048576                                   {product} {ergonomic}
   size_t MinHeapSize                              = 8388608                                   {product} {ergonomic}
    uintx NonNMethodCodeHeapSize                   = 5839372                                {pd product} {ergonomic}
    uintx NonProfiledCodeHeapSize                  = 122909434                              {pd product} {ergonomic}
    uintx ProfiledCodeHeapSize                     = 122909434                              {pd product} {ergonomic}
    uintx ReservedCodeCacheSize                    = 251658240                              {pd product} {ergonomic}
     bool SegmentedCodeCache                       = true                                      {product} {ergonomic}
   size_t SoftMaxHeapSize                          = 2132803584                             {manageable} {ergonomic}
     bool UseCompressedClassPointers               = true                                 {lp64_product} {ergonomic}
     bool UseCompressedOops                        = true                                 {lp64_product} {ergonomic}
     bool UseG1GC                                  = true                                      {product} {ergonomic}
     bool UseLargePagesIndividualAllocation        = false                                  {pd product} {ergonomic}

Logging:
Log output configuration:
 #0: stdout all=warning uptime,level,tags
 #1: stderr all=off uptime,level,tags

Environment Variables:
JAVA_HOME=C:\Program Files\Java\jdk-14.0.1
PATH=G:\oracle\product\10.2.0\db_1\bin;C:\Program Files\Common Files\Siemens\Automation\Simatic OAM\bin;C:\Program Files (x86)\NVIDIA Corporation\PhysX\Common;C:\Windows\system32;C:\Windows;C:\Windows\System32\Wbem;C:\Windows\System32\WindowsPowerShell\v1.0\;C:\Windows\System32\OpenSSH\;C:\Program Files\NVIDIA Corporation\NVIDIA NvDLISR;C:\WINDOWS\system32;C:\WINDOWS;C:\WINDOWS\System32\Wbem;C:\WINDOWS\System32\WindowsPowerShell\v1.0\;C:\WINDOWS\System32\OpenSSH\;C:\Program Files\Java\jdk-14.0.1\bin;D:\mysql\bin;D:\mysql-8.0.20-winx64\bin;D:\apache-maven-3.6.3\bin;D:\Nodejs\;G:\R2017a_win64\runtime\win64;G:\R2017a_win64\bin;C:\Users\Administrator.000\AppData\Local\Microsoft\WindowsApps;C:\Users\Administrator.000\AppData\Roaming\npm
USERNAME=Administrator
OS=Windows_NT
PROCESSOR_IDENTIFIER=Intel64 Family 6 Model 158 Stepping 9, GenuineIntel



---------------  S Y S T E M  ---------------

OS: Windows 10 , 64 bit Build 18362 (10.0.18362.1110)
OS uptime: 0 days 7:15 hours

CPU:total 8 (initial active 8) (4 cores per cpu, 2 threads per core) family 6 model 158 stepping 9, cmov, cx8, fxsr, mmx, sse, sse2, sse3, ssse3, sse4.1, sse4.2, popcnt, avx, avx2, aes, clmul, erms, 3dnowpref, lzcnt, ht, tsc, tscinvbit, bmi1, bmi2, adx, fma

Memory: 4k page, system-wide physical 8133M (1571M free)
TotalPageFile size 12117M (AvailPageFile size 80M)
current process WorkingSet (physical memory assigned to process): 10M, peak: 10M
current process commit charge ("private bytes"): 60M, peak: 188M

vm_info: Java HotSpot(TM) 64-Bit Server VM (14.0.1+7) for windows-amd64 JRE (14.0.1+7), built on Mar  5 2020 10:30:14 by "mach5one" with MS VC++ 15.9 (VS2017)

END.
